25-07-14 15:56:16.269 [org.springframework.kafka.KafkaListenerEndpointContainer#0-0-C-1] INFO  o.apache.kafka.clients.NetworkClient - [Consumer clientId=consumer-weekly-sentiment-group-1, groupId=weekly-sentiment-group] Disconnecting from node 11 due to request timeout. 
25-07-14 15:56:16.272 [org.springframework.kafka.KafkaListenerEndpointContainer#0-0-C-1] INFO  o.apache.kafka.clients.NetworkClient - [Consumer clientId=consumer-weekly-sentiment-group-1, groupId=weekly-sentiment-group] Cancelled in-flight FETCH request with correlation id 17772 due to node 11 being disconnected (elapsed time since creation: 784193ms, elapsed time since send: 784193ms, throttle time: 0ms, request timeout: 30000ms) 
25-07-14 15:56:16.273 [org.springframework.kafka.KafkaListenerEndpointContainer#0-0-C-1] INFO  o.apache.kafka.clients.NetworkClient - [Consumer clientId=consumer-weekly-sentiment-group-1, groupId=weekly-sentiment-group] Disconnecting from node 6 due to request timeout. 
25-07-14 15:56:16.273 [org.springframework.kafka.KafkaListenerEndpointContainer#0-0-C-1] INFO  o.apache.kafka.clients.NetworkClient - [Consumer clientId=consumer-weekly-sentiment-group-1, groupId=weekly-sentiment-group] Cancelled in-flight FETCH request with correlation id 17774 due to node 6 being disconnected (elapsed time since creation: 784190ms, elapsed time since send: 784190ms, throttle time: 0ms, request timeout: 30000ms) 
25-07-14 15:56:16.273 [org.springframework.kafka.KafkaListenerEndpointContainer#0-0-C-1] INFO  o.apache.kafka.clients.NetworkClient - [Consumer clientId=consumer-weekly-sentiment-group-1, groupId=weekly-sentiment-group] Disconnecting from node 7 due to request timeout. 
25-07-14 15:56:16.273 [org.springframework.kafka.KafkaListenerEndpointContainer#0-0-C-1] INFO  o.apache.kafka.clients.NetworkClient - [Consumer clientId=consumer-weekly-sentiment-group-1, groupId=weekly-sentiment-group] Cancelled in-flight FETCH request with correlation id 17770 due to node 7 being disconnected (elapsed time since creation: 784198ms, elapsed time since send: 784198ms, throttle time: 0ms, request timeout: 30000ms) 
25-07-14 15:56:16.273 [org.springframework.kafka.KafkaListenerEndpointContainer#0-0-C-1] INFO  o.apache.kafka.clients.NetworkClient - [Consumer clientId=consumer-weekly-sentiment-group-1, groupId=weekly-sentiment-group] Disconnecting from node 8 due to request timeout. 
25-07-14 15:56:16.273 [org.springframework.kafka.KafkaListenerEndpointContainer#0-0-C-1] INFO  o.apache.kafka.clients.NetworkClient - [Consumer clientId=consumer-weekly-sentiment-group-1, groupId=weekly-sentiment-group] Cancelled in-flight FETCH request with correlation id 17771 due to node 8 being disconnected (elapsed time since creation: 784198ms, elapsed time since send: 784198ms, throttle time: 0ms, request timeout: 30000ms) 
25-07-14 15:56:16.273 [org.springframework.kafka.KafkaListenerEndpointContainer#0-0-C-1] INFO  o.apache.kafka.clients.NetworkClient - [Consumer clientId=consumer-weekly-sentiment-group-1, groupId=weekly-sentiment-group] Disconnecting from node 9 due to request timeout. 
25-07-14 15:56:16.273 [org.springframework.kafka.KafkaListenerEndpointContainer#0-0-C-1] INFO  o.apache.kafka.clients.NetworkClient - [Consumer clientId=consumer-weekly-sentiment-group-1, groupId=weekly-sentiment-group] Cancelled in-flight FETCH request with correlation id 17773 due to node 9 being disconnected (elapsed time since creation: 784193ms, elapsed time since send: 784193ms, throttle time: 0ms, request timeout: 30000ms) 
25-07-14 15:56:16.274 [org.springframework.kafka.KafkaListenerEndpointContainer#0-0-C-1] INFO  o.apache.kafka.clients.NetworkClient - [Consumer clientId=consumer-weekly-sentiment-group-1, groupId=weekly-sentiment-group] Disconnecting from node 10 due to request timeout. 
25-07-14 15:56:16.274 [org.springframework.kafka.KafkaListenerEndpointContainer#0-0-C-1] INFO  o.apache.kafka.clients.NetworkClient - [Consumer clientId=consumer-weekly-sentiment-group-1, groupId=weekly-sentiment-group] Cancelled in-flight FETCH request with correlation id 17769 due to node 10 being disconnected (elapsed time since creation: 784198ms, elapsed time since send: 784198ms, throttle time: 0ms, request timeout: 30000ms) 
25-07-14 15:56:16.274 [org.springframework.kafka.KafkaListenerEndpointContainer#0-0-C-1] INFO  o.a.k.clients.FetchSessionHandler - [Consumer clientId=consumer-weekly-sentiment-group-1, groupId=weekly-sentiment-group] Error sending fetch request (sessionId=2134724672, epoch=103) to node 11: 
org.apache.kafka.common.errors.DisconnectException: null
25-07-14 15:56:16.274 [org.springframework.kafka.KafkaListenerEndpointContainer#0-0-C-1] INFO  o.a.k.clients.FetchSessionHandler - [Consumer clientId=consumer-weekly-sentiment-group-1, groupId=weekly-sentiment-group] Error sending fetch request (sessionId=401840839, epoch=103) to node 7: 
org.apache.kafka.common.errors.DisconnectException: null
25-07-14 15:56:16.274 [org.springframework.kafka.KafkaListenerEndpointContainer#0-0-C-1] INFO  o.a.k.clients.FetchSessionHandler - [Consumer clientId=consumer-weekly-sentiment-group-1, groupId=weekly-sentiment-group] Error sending fetch request (sessionId=2016814584, epoch=103) to node 8: 
org.apache.kafka.common.errors.DisconnectException: null
25-07-14 15:56:16.274 [org.springframework.kafka.KafkaListenerEndpointContainer#0-0-C-1] INFO  o.a.k.clients.FetchSessionHandler - [Consumer clientId=consumer-weekly-sentiment-group-1, groupId=weekly-sentiment-group] Error sending fetch request (sessionId=1148258504, epoch=103) to node 9: 
org.apache.kafka.common.errors.DisconnectException: null
25-07-14 15:56:16.274 [org.springframework.kafka.KafkaListenerEndpointContainer#0-0-C-1] INFO  o.a.k.clients.FetchSessionHandler - [Consumer clientId=consumer-weekly-sentiment-group-1, groupId=weekly-sentiment-group] Error sending fetch request (sessionId=1869967956, epoch=103) to node 10: 
org.apache.kafka.common.errors.DisconnectException: null
25-07-14 15:56:16.274 [kafka-coordinator-heartbeat-thread | weekly-sentiment-group] INFO  o.a.k.clients.FetchSessionHandler - [Consumer clientId=consumer-weekly-sentiment-group-1, groupId=weekly-sentiment-group] Error sending fetch request (sessionId=2042718487, epoch=103) to node 6: 
org.apache.kafka.common.errors.DisconnectException: null
25-07-14 15:56:16.274 [kafka-coordinator-heartbeat-thread | weekly-sentiment-group] INFO  o.a.k.c.c.i.ConsumerCoordinator - [Consumer clientId=consumer-weekly-sentiment-group-1, groupId=weekly-sentiment-group] Group coordinator b6-pkc-921jm.us-east-2.aws.confluent.cloud:9092 (id: 2147483641 rack: null) is unavailable or invalid due to cause: session timed out without receiving a heartbeat response. isDisconnected: false. Rediscovery will be attempted. 
25-07-14 15:56:16.274 [kafka-coordinator-heartbeat-thread | weekly-sentiment-group] INFO  o.a.k.c.c.i.ConsumerCoordinator - [Consumer clientId=consumer-weekly-sentiment-group-1, groupId=weekly-sentiment-group] Requesting disconnect from last known coordinator b6-pkc-921jm.us-east-2.aws.confluent.cloud:9092 (id: 2147483641 rack: null) 
25-07-14 15:56:16.274 [kafka-coordinator-heartbeat-thread | weekly-sentiment-group] INFO  o.apache.kafka.clients.NetworkClient - [Consumer clientId=consumer-weekly-sentiment-group-1, groupId=weekly-sentiment-group] Client requested disconnect from node 2147483641 
25-07-14 15:56:16.279 [org.springframework.kafka.KafkaListenerEndpointContainer#0-0-C-1] INFO  o.apache.kafka.clients.NetworkClient - [Consumer clientId=consumer-weekly-sentiment-group-1, groupId=weekly-sentiment-group] Node 2 disconnected. 
25-07-14 15:56:16.279 [org.springframework.kafka.KafkaListenerEndpointContainer#0-0-C-1] INFO  o.apache.kafka.clients.NetworkClient - [Consumer clientId=consumer-weekly-sentiment-group-1, groupId=weekly-sentiment-group] Cancelled in-flight FIND_COORDINATOR request with correlation id 17775 due to node 2 being disconnected (elapsed time since creation: 5ms, elapsed time since send: 5ms, throttle time: 0ms, request timeout: 30000ms) 
25-07-14 15:56:19.195 [org.springframework.kafka.KafkaListenerEndpointContainer#0-0-C-1] INFO  o.a.k.c.c.i.ConsumerCoordinator - [Consumer clientId=consumer-weekly-sentiment-group-1, groupId=weekly-sentiment-group] Discovered group coordinator b6-pkc-921jm.us-east-2.aws.confluent.cloud:9092 (id: 2147483641 rack: null) 
25-07-14 15:56:21.629 [org.springframework.kafka.KafkaListenerEndpointContainer#0-0-C-1] INFO  o.a.k.c.c.i.ConsumerCoordinator - [Consumer clientId=consumer-weekly-sentiment-group-1, groupId=weekly-sentiment-group] Attempt to heartbeat with Generation{generationId=17, memberId='consumer-weekly-sentiment-group-1-25190fcc-67a3-41ae-a636-05b38ba9bbe8', protocol='range'} and group instance id Optional.empty failed due to UNKNOWN_MEMBER_ID, resetting generation 
25-07-14 15:56:21.629 [org.springframework.kafka.KafkaListenerEndpointContainer#0-0-C-1] INFO  o.a.k.c.c.i.ConsumerCoordinator - [Consumer clientId=consumer-weekly-sentiment-group-1, groupId=weekly-sentiment-group] Resetting generation and member id due to: encountered UNKNOWN_MEMBER_ID from HEARTBEAT response 
25-07-14 15:56:21.629 [org.springframework.kafka.KafkaListenerEndpointContainer#0-0-C-1] INFO  o.a.k.c.c.i.ConsumerCoordinator - [Consumer clientId=consumer-weekly-sentiment-group-1, groupId=weekly-sentiment-group] Request joining group due to: encountered UNKNOWN_MEMBER_ID from HEARTBEAT response 
25-07-14 15:56:21.629 [org.springframework.kafka.KafkaListenerEndpointContainer#0-0-C-1] INFO  o.a.k.c.c.i.ConsumerCoordinator - [Consumer clientId=consumer-weekly-sentiment-group-1, groupId=weekly-sentiment-group] Giving away all assigned partitions as lost since generation/memberID has been reset,indicating that consumer is in old state or no longer part of the group 
25-07-14 15:56:21.629 [org.springframework.kafka.KafkaListenerEndpointContainer#0-0-C-1] INFO  o.a.k.c.c.i.ConsumerRebalanceListenerInvoker - [Consumer clientId=consumer-weekly-sentiment-group-1, groupId=weekly-sentiment-group] Lost previously assigned partitions weekly-sentiments-0, weekly-sentiments-1, weekly-sentiments-2, weekly-sentiments-3, weekly-sentiments-4, weekly-sentiments-5 
25-07-14 15:56:21.630 [org.springframework.kafka.KafkaListenerEndpointContainer#0-0-C-1] INFO  o.s.k.l.KafkaMessageListenerContainer - weekly-sentiment-group: partitions lost: [weekly-sentiments-0, weekly-sentiments-1, weekly-sentiments-2, weekly-sentiments-3, weekly-sentiments-4, weekly-sentiments-5] 
25-07-14 15:56:21.630 [org.springframework.kafka.KafkaListenerEndpointContainer#0-0-C-1] INFO  o.s.k.l.KafkaMessageListenerContainer - weekly-sentiment-group: partitions revoked: [weekly-sentiments-0, weekly-sentiments-1, weekly-sentiments-2, weekly-sentiments-3, weekly-sentiments-4, weekly-sentiments-5] 
25-07-14 15:56:21.630 [org.springframework.kafka.KafkaListenerEndpointContainer#0-0-C-1] INFO  o.a.k.c.c.i.ConsumerCoordinator - [Consumer clientId=consumer-weekly-sentiment-group-1, groupId=weekly-sentiment-group] (Re-)joining group 
25-07-14 15:56:21.926 [org.springframework.kafka.KafkaListenerEndpointContainer#0-0-C-1] INFO  o.a.k.c.c.i.ConsumerCoordinator - [Consumer clientId=consumer-weekly-sentiment-group-1, groupId=weekly-sentiment-group] Request joining group due to: need to re-join with the given member-id: consumer-weekly-sentiment-group-1-f9d755ce-756a-49cc-b724-215fcfb48221 
25-07-14 15:56:21.927 [org.springframework.kafka.KafkaListenerEndpointContainer#0-0-C-1] INFO  o.a.k.c.c.i.ConsumerCoordinator - [Consumer clientId=consumer-weekly-sentiment-group-1, groupId=weekly-sentiment-group] (Re-)joining group 
25-07-14 15:56:22.222 [org.springframework.kafka.KafkaListenerEndpointContainer#0-0-C-1] INFO  o.a.k.c.c.i.ConsumerCoordinator - [Consumer clientId=consumer-weekly-sentiment-group-1, groupId=weekly-sentiment-group] Successfully joined group with generation Generation{generationId=19, memberId='consumer-weekly-sentiment-group-1-f9d755ce-756a-49cc-b724-215fcfb48221', protocol='range'} 
25-07-14 15:56:22.222 [org.springframework.kafka.KafkaListenerEndpointContainer#0-0-C-1] INFO  o.a.k.c.c.i.ConsumerCoordinator - [Consumer clientId=consumer-weekly-sentiment-group-1, groupId=weekly-sentiment-group] Finished assignment for group at generation 19: {consumer-weekly-sentiment-group-1-f9d755ce-756a-49cc-b724-215fcfb48221=Assignment(partitions=[weekly-sentiments-0, weekly-sentiments-1, weekly-sentiments-2, weekly-sentiments-3, weekly-sentiments-4, weekly-sentiments-5])} 
25-07-14 15:56:22.526 [org.springframework.kafka.KafkaListenerEndpointContainer#0-0-C-1] INFO  o.a.k.c.c.i.ConsumerCoordinator - [Consumer clientId=consumer-weekly-sentiment-group-1, groupId=weekly-sentiment-group] Successfully synced group in generation Generation{generationId=19, memberId='consumer-weekly-sentiment-group-1-f9d755ce-756a-49cc-b724-215fcfb48221', protocol='range'} 
25-07-14 15:56:22.526 [org.springframework.kafka.KafkaListenerEndpointContainer#0-0-C-1] INFO  o.a.k.c.c.i.ConsumerCoordinator - [Consumer clientId=consumer-weekly-sentiment-group-1, groupId=weekly-sentiment-group] Notifying assignor about the new Assignment(partitions=[weekly-sentiments-0, weekly-sentiments-1, weekly-sentiments-2, weekly-sentiments-3, weekly-sentiments-4, weekly-sentiments-5]) 
25-07-14 15:56:22.526 [org.springframework.kafka.KafkaListenerEndpointContainer#0-0-C-1] INFO  o.a.k.c.c.i.ConsumerRebalanceListenerInvoker - [Consumer clientId=consumer-weekly-sentiment-group-1, groupId=weekly-sentiment-group] Adding newly assigned partitions: weekly-sentiments-0, weekly-sentiments-1, weekly-sentiments-2, weekly-sentiments-3, weekly-sentiments-4, weekly-sentiments-5 
25-07-14 15:56:23.118 [org.springframework.kafka.KafkaListenerEndpointContainer#0-0-C-1] INFO  o.a.k.c.c.internals.ConsumerUtils - Setting offset for partition weekly-sentiments-3 to the committed offset FetchPosition{offset=0, offsetEpoch=Optional.empty, currentLeader=LeaderAndEpoch{leader=Optional[b6-pkc-921jm.us-east-2.aws.confluent.cloud:9092 (id: 6 rack: use2-az1)], epoch=0}} 
25-07-14 15:56:23.119 [org.springframework.kafka.KafkaListenerEndpointContainer#0-0-C-1] INFO  o.a.k.c.c.internals.ConsumerUtils - Setting offset for partition weekly-sentiments-2 to the committed offset FetchPosition{offset=0, offsetEpoch=Optional.empty, currentLeader=LeaderAndEpoch{leader=Optional[b11-pkc-921jm.us-east-2.aws.confluent.cloud:9092 (id: 11 rack: use2-az3)], epoch=0}} 
25-07-14 15:56:23.119 [org.springframework.kafka.KafkaListenerEndpointContainer#0-0-C-1] INFO  o.a.k.c.c.internals.ConsumerUtils - Setting offset for partition weekly-sentiments-5 to the committed offset FetchPosition{offset=0, offsetEpoch=Optional.empty, currentLeader=LeaderAndEpoch{leader=Optional[b8-pkc-921jm.us-east-2.aws.confluent.cloud:9092 (id: 8 rack: use2-az3)], epoch=0}} 
25-07-14 15:56:23.119 [org.springframework.kafka.KafkaListenerEndpointContainer#0-0-C-1] INFO  o.a.k.c.c.internals.ConsumerUtils - Setting offset for partition weekly-sentiments-4 to the committed offset FetchPosition{offset=11, offsetEpoch=Optional.empty, currentLeader=LeaderAndEpoch{leader=Optional[b7-pkc-921jm.us-east-2.aws.confluent.cloud:9092 (id: 7 rack: use2-az2)], epoch=0}} 
25-07-14 15:56:23.119 [org.springframework.kafka.KafkaListenerEndpointContainer#0-0-C-1] INFO  o.a.k.c.c.internals.ConsumerUtils - Setting offset for partition weekly-sentiments-1 to the committed offset FetchPosition{offset=0, offsetEpoch=Optional.empty, currentLeader=LeaderAndEpoch{leader=Optional[b10-pkc-921jm.us-east-2.aws.confluent.cloud:9092 (id: 10 rack: use2-az2)], epoch=0}} 
25-07-14 15:56:23.119 [org.springframework.kafka.KafkaListenerEndpointContainer#0-0-C-1] INFO  o.a.k.c.c.internals.ConsumerUtils - Setting offset for partition weekly-sentiments-0 to the committed offset FetchPosition{offset=2, offsetEpoch=Optional.empty, currentLeader=LeaderAndEpoch{leader=Optional[b9-pkc-921jm.us-east-2.aws.confluent.cloud:9092 (id: 9 rack: use2-az1)], epoch=0}} 
25-07-14 15:56:23.119 [org.springframework.kafka.KafkaListenerEndpointContainer#0-0-C-1] INFO  o.s.k.l.KafkaMessageListenerContainer - weekly-sentiment-group: partitions assigned: [weekly-sentiments-0, weekly-sentiments-1, weekly-sentiments-2, weekly-sentiments-3, weekly-sentiments-4, weekly-sentiments-5] 
25-07-14 15:56:28.676 [cluster-ClusterId{value='6874bd9d4d22427e705cafba', description='Cluster0'}-ac-vntype2-shard-00-00.1pt3iaa.mongodb.net:27017] INFO  org.mongodb.driver.cluster - Exception in monitor thread while connecting to server ac-vntype2-shard-00-00.1pt3iaa.mongodb.net:27017 
com.mongodb.MongoSocketReadTimeoutException: Timeout while receiving message
	at com.mongodb.internal.connection.InternalStreamConnection.createReadTimeoutException(InternalStreamConnection.java:824)
	at com.mongodb.internal.connection.InternalStreamConnection.translateReadException(InternalStreamConnection.java:812)
	at com.mongodb.internal.connection.InternalStreamConnection.receiveResponseBuffers(InternalStreamConnection.java:862)
	at com.mongodb.internal.connection.InternalStreamConnection.receiveCommandMessageResponse(InternalStreamConnection.java:517)
	at com.mongodb.internal.connection.InternalStreamConnection.receive(InternalStreamConnection.java:469)
	at com.mongodb.internal.connection.DefaultServerMonitor$ServerMonitor.lookupServerDescription(DefaultServerMonitor.java:249)
	at com.mongodb.internal.connection.DefaultServerMonitor$ServerMonitor.run(DefaultServerMonitor.java:176)
Caused by: java.net.SocketTimeoutException: Read timed out
	at java.base/sun.nio.ch.NioSocketImpl.timedRead(NioSocketImpl.java:288)
	at java.base/sun.nio.ch.NioSocketImpl.implRead(NioSocketImpl.java:314)
	at java.base/sun.nio.ch.NioSocketImpl.read(NioSocketImpl.java:355)
	at java.base/sun.nio.ch.NioSocketImpl$1.read(NioSocketImpl.java:808)
	at java.base/java.net.Socket$SocketInputStream.read(Socket.java:966)
	at java.base/sun.security.ssl.SSLSocketInputRecord.read(SSLSocketInputRecord.java:484)
	at java.base/sun.security.ssl.SSLSocketInputRecord.readHeader(SSLSocketInputRecord.java:478)
	at java.base/sun.security.ssl.SSLSocketInputRecord.bytesInCompletePacket(SSLSocketInputRecord.java:70)
	at java.base/sun.security.ssl.SSLSocketImpl.readApplicationRecord(SSLSocketImpl.java:1461)
	at java.base/sun.security.ssl.SSLSocketImpl$AppInputStream.read(SSLSocketImpl.java:1065)
	at com.mongodb.internal.connection.SocketStream.read(SocketStream.java:182)
	at com.mongodb.internal.connection.InternalStreamConnection.receiveResponseBuffers(InternalStreamConnection.java:829)
	... 4 common frames omitted
25-07-14 15:56:28.676 [cluster-ClusterId{value='6874bd9d4d22427e705cafba', description='Cluster0'}-ac-vntype2-shard-00-02.1pt3iaa.mongodb.net:27017] INFO  org.mongodb.driver.cluster - Exception in monitor thread while connecting to server ac-vntype2-shard-00-02.1pt3iaa.mongodb.net:27017 
com.mongodb.MongoSocketReadTimeoutException: Timeout while receiving message
	at com.mongodb.internal.connection.InternalStreamConnection.createReadTimeoutException(InternalStreamConnection.java:824)
	at com.mongodb.internal.connection.InternalStreamConnection.translateReadException(InternalStreamConnection.java:812)
	at com.mongodb.internal.connection.InternalStreamConnection.receiveResponseBuffers(InternalStreamConnection.java:862)
	at com.mongodb.internal.connection.InternalStreamConnection.receiveCommandMessageResponse(InternalStreamConnection.java:517)
	at com.mongodb.internal.connection.InternalStreamConnection.receive(InternalStreamConnection.java:469)
	at com.mongodb.internal.connection.DefaultServerMonitor$ServerMonitor.lookupServerDescription(DefaultServerMonitor.java:249)
	at com.mongodb.internal.connection.DefaultServerMonitor$ServerMonitor.run(DefaultServerMonitor.java:176)
Caused by: java.net.SocketTimeoutException: Read timed out
	at java.base/sun.nio.ch.NioSocketImpl.timedRead(NioSocketImpl.java:288)
	at java.base/sun.nio.ch.NioSocketImpl.implRead(NioSocketImpl.java:314)
	at java.base/sun.nio.ch.NioSocketImpl.read(NioSocketImpl.java:355)
	at java.base/sun.nio.ch.NioSocketImpl$1.read(NioSocketImpl.java:808)
	at java.base/java.net.Socket$SocketInputStream.read(Socket.java:966)
	at java.base/sun.security.ssl.SSLSocketInputRecord.read(SSLSocketInputRecord.java:484)
	at java.base/sun.security.ssl.SSLSocketInputRecord.readHeader(SSLSocketInputRecord.java:478)
	at java.base/sun.security.ssl.SSLSocketInputRecord.bytesInCompletePacket(SSLSocketInputRecord.java:70)
	at java.base/sun.security.ssl.SSLSocketImpl.readApplicationRecord(SSLSocketImpl.java:1461)
	at java.base/sun.security.ssl.SSLSocketImpl$AppInputStream.read(SSLSocketImpl.java:1065)
	at com.mongodb.internal.connection.SocketStream.read(SocketStream.java:182)
	at com.mongodb.internal.connection.InternalStreamConnection.receiveResponseBuffers(InternalStreamConnection.java:829)
	... 4 common frames omitted
25-07-14 15:56:28.765 [cluster-ClusterId{value='6874bd9d4d22427e705cafba', description='Cluster0'}-ac-vntype2-shard-00-01.1pt3iaa.mongodb.net:27017] INFO  org.mongodb.driver.cluster - Exception in monitor thread while connecting to server ac-vntype2-shard-00-01.1pt3iaa.mongodb.net:27017 
com.mongodb.MongoSocketReadTimeoutException: Timeout while receiving message
	at com.mongodb.internal.connection.InternalStreamConnection.createReadTimeoutException(InternalStreamConnection.java:824)
	at com.mongodb.internal.connection.InternalStreamConnection.translateReadException(InternalStreamConnection.java:812)
	at com.mongodb.internal.connection.InternalStreamConnection.receiveResponseBuffers(InternalStreamConnection.java:862)
	at com.mongodb.internal.connection.InternalStreamConnection.receiveCommandMessageResponse(InternalStreamConnection.java:517)
	at com.mongodb.internal.connection.InternalStreamConnection.receive(InternalStreamConnection.java:469)
	at com.mongodb.internal.connection.DefaultServerMonitor$ServerMonitor.lookupServerDescription(DefaultServerMonitor.java:249)
	at com.mongodb.internal.connection.DefaultServerMonitor$ServerMonitor.run(DefaultServerMonitor.java:176)
Caused by: java.net.SocketTimeoutException: Read timed out
	at java.base/sun.nio.ch.NioSocketImpl.timedRead(NioSocketImpl.java:288)
	at java.base/sun.nio.ch.NioSocketImpl.implRead(NioSocketImpl.java:314)
	at java.base/sun.nio.ch.NioSocketImpl.read(NioSocketImpl.java:355)
	at java.base/sun.nio.ch.NioSocketImpl$1.read(NioSocketImpl.java:808)
	at java.base/java.net.Socket$SocketInputStream.read(Socket.java:966)
	at java.base/sun.security.ssl.SSLSocketInputRecord.read(SSLSocketInputRecord.java:484)
	at java.base/sun.security.ssl.SSLSocketInputRecord.readHeader(SSLSocketInputRecord.java:478)
	at java.base/sun.security.ssl.SSLSocketInputRecord.bytesInCompletePacket(SSLSocketInputRecord.java:70)
	at java.base/sun.security.ssl.SSLSocketImpl.readApplicationRecord(SSLSocketImpl.java:1461)
	at java.base/sun.security.ssl.SSLSocketImpl$AppInputStream.read(SSLSocketImpl.java:1065)
	at com.mongodb.internal.connection.SocketStream.read(SocketStream.java:182)
	at com.mongodb.internal.connection.InternalStreamConnection.receiveResponseBuffers(InternalStreamConnection.java:829)
	... 4 common frames omitted
25-07-14 15:56:29.603 [cluster-ClusterId{value='6874bd9d4d22427e705cafba', description='Cluster0'}-ac-vntype2-shard-00-02.1pt3iaa.mongodb.net:27017] INFO  org.mongodb.driver.cluster - Monitor thread successfully connected to server with description ServerDescription{address=ac-vntype2-shard-00-02.1pt3iaa.mongodb.net:27017, type=REPLICA_SET_PRIMARY, cryptd=false, state=CONNECTED, ok=true, minWireVersion=0, maxWireVersion=25, maxDocumentSize=16777216, logicalSessionTimeoutMinutes=30, roundTripTimeNanos=619423542, minRoundTripTimeNanos=0, setName='atlas-5xuc66-shard-0', canonicalAddress=ac-vntype2-shard-00-02.1pt3iaa.mongodb.net:27017, hosts=[ac-vntype2-shard-00-00.1pt3iaa.mongodb.net:27017, ac-vntype2-shard-00-01.1pt3iaa.mongodb.net:27017, ac-vntype2-shard-00-02.1pt3iaa.mongodb.net:27017], passives=[], arbiters=[], primary='ac-vntype2-shard-00-02.1pt3iaa.mongodb.net:27017', tagSet=TagSet{[Tag{name='availabilityZone', value='usw2-az3'}, Tag{name='diskState', value='READY'}, Tag{name='nodeType', value='ELECTABLE'}, Tag{name='provider', value='AWS'}, Tag{name='region', value='US_WEST_2'}, Tag{name='workloadType', value='OPERATIONAL'}]}, electionId=7fffffff000000000000003e, setVersion=17, topologyVersion=TopologyVersion{processId=687157c71542867d0fd363bc, counter=6}, lastWriteDate=Mon Jul 14 15:56:29 NPT 2025, lastUpdateTimeNanos=162888814239750} 
25-07-14 15:56:29.604 [cluster-ClusterId{value='6874bd9d4d22427e705cafba', description='Cluster0'}-ac-vntype2-shard-00-02.1pt3iaa.mongodb.net:27017] INFO  org.mongodb.driver.cluster - Discovered replica set primary ac-vntype2-shard-00-02.1pt3iaa.mongodb.net:27017 with max election id 7fffffff000000000000003e and max set version 17 
25-07-14 15:56:29.691 [cluster-ClusterId{value='6874bd9d4d22427e705cafba', description='Cluster0'}-ac-vntype2-shard-00-01.1pt3iaa.mongodb.net:27017] INFO  org.mongodb.driver.cluster - Monitor thread successfully connected to server with description ServerDescription{address=ac-vntype2-shard-00-01.1pt3iaa.mongodb.net:27017, type=REPLICA_SET_SECONDARY, cryptd=false, state=CONNECTED, ok=true, minWireVersion=0, maxWireVersion=25, maxDocumentSize=16777216, logicalSessionTimeoutMinutes=30, roundTripTimeNanos=619274375, minRoundTripTimeNanos=0, setName='atlas-5xuc66-shard-0', canonicalAddress=ac-vntype2-shard-00-01.1pt3iaa.mongodb.net:27017, hosts=[ac-vntype2-shard-00-00.1pt3iaa.mongodb.net:27017, ac-vntype2-shard-00-01.1pt3iaa.mongodb.net:27017, ac-vntype2-shard-00-02.1pt3iaa.mongodb.net:27017], passives=[], arbiters=[], primary='ac-vntype2-shard-00-02.1pt3iaa.mongodb.net:27017', tagSet=TagSet{[Tag{name='availabilityZone', value='usw2-az2'}, Tag{name='diskState', value='READY'}, Tag{name='nodeType', value='ELECTABLE'}, Tag{name='provider', value='AWS'}, Tag{name='region', value='US_WEST_2'}, Tag{name='workloadType', value='OPERATIONAL'}]}, electionId=null, setVersion=17, topologyVersion=TopologyVersion{processId=687157f70c54a0d5770b3b87, counter=3}, lastWriteDate=Mon Jul 14 15:56:29 NPT 2025, lastUpdateTimeNanos=162888902143500} 
25-07-14 15:56:29.752 [cluster-ClusterId{value='6874bd9d4d22427e705cafba', description='Cluster0'}-ac-vntype2-shard-00-00.1pt3iaa.mongodb.net:27017] INFO  org.mongodb.driver.cluster - Monitor thread successfully connected to server with description ServerDescription{address=ac-vntype2-shard-00-00.1pt3iaa.mongodb.net:27017, type=REPLICA_SET_SECONDARY, cryptd=false, state=CONNECTED, ok=true, minWireVersion=0, maxWireVersion=25, maxDocumentSize=16777216, logicalSessionTimeoutMinutes=30, roundTripTimeNanos=626179833, minRoundTripTimeNanos=0, setName='atlas-5xuc66-shard-0', canonicalAddress=ac-vntype2-shard-00-00.1pt3iaa.mongodb.net:27017, hosts=[ac-vntype2-shard-00-00.1pt3iaa.mongodb.net:27017, ac-vntype2-shard-00-01.1pt3iaa.mongodb.net:27017, ac-vntype2-shard-00-02.1pt3iaa.mongodb.net:27017], passives=[], arbiters=[], primary='ac-vntype2-shard-00-02.1pt3iaa.mongodb.net:27017', tagSet=TagSet{[Tag{name='availabilityZone', value='usw2-az1'}, Tag{name='diskState', value='READY'}, Tag{name='nodeType', value='ELECTABLE'}, Tag{name='provider', value='AWS'}, Tag{name='region', value='US_WEST_2'}, Tag{name='workloadType', value='OPERATIONAL'}]}, electionId=null, setVersion=17, topologyVersion=TopologyVersion{processId=687157970c06dfb1f4482ba3, counter=4}, lastWriteDate=Mon Jul 14 15:56:29 NPT 2025, lastUpdateTimeNanos=162888963381791} 
